<?xml version="1.0" encoding="UTF-8"?>
<!-- Generated by org.testng.reporters.JUnitReportReporter -->
<testsuite hostname="win2019" failures="0" tests="1" name="Com.locators2.alerts_3" time="13.357" errors="0" timestamp="2024-08-24T03:09:24 PDT" skipped="0">
  <testcase classname="Com.locators2.alerts_3" name="chrome_driver" time="13.357"/>
  <system-out/>
</testsuite> <!-- Com.locators2.alerts_3 -->
