<?xml version="1.0" encoding="UTF-8"?>
<!-- Generated by org.testng.reporters.JUnitReportReporter -->
<testsuite hostname="win2019" failures="0" tests="2" name="Com.locators2.Locators2" time="9.844" errors="0" timestamp="2024-08-24T02:19:40 PDT" skipped="0">
  <testcase classname="Com.locators2.Locators2" name="ChromeExId" time="5.523"/>
  <system-out/>
  <testcase classname="Com.locators2.Locators2" name="EdgeExId" time="4.321"/>
  <system-out/>
</testsuite> <!-- Com.locators2.Locators2 -->
